语法

    0 $accept: Program $end

    1 Program: ExtDefList

    2 ExtDefList: ExtDef ExtDefList
    3           | %empty

    4 ExtDef: Specifier ExtDecList SEMI
    5       | Specifier SEMI
    6       | Specifier FunDec CompSt

    7 ExtDecList: VarDec
    8           | VarDec COMMA ExtDecList
    9           | VarDec error ExtDecList

   10 Specifier: TYPE
   11          | StructSpecifier

   12 StructSpecifier: STRUCT OptTag LC DefList RC
   13                | STRUCT Tag

   14 OptTag: ID
   15       | %empty

   16 Tag: ID

   17 VarDec: ID
   18       | VarDec LB INT RB
   19       | VarDec LB error

   20 FunDec: ID LP VarList RP
   21       | ID LP RP
   22       | error LP VarList RP

   23 VarList: ParamDec COMMA VarList
   24        | ParamDec

   25 ParamDec: Specifier VarDec
   26         | error COMMA
   27         | error RP

   28 CompSt: LC DefList StmtList RC

   29 StmtList: Stmt StmtList
   30         | %empty

   31 Stmt: Exp SEMI
   32     | CompSt
   33     | RETURN Exp SEMI
   34     | IF LP Exp RP Stmt
   35     | IF LP Exp RP Stmt ELSE Stmt
   36     | WHILE LP Exp RP Stmt
   37     | Exp error
   38     | error SEMI
   39     | RETURN Exp error
   40     | WHILE error RP
   41     | WHILE error RC

   42 DefList: Def DefList
   43        | %empty

   44 Def: Specifier DecList SEMI

   45 DecList: Dec
   46        | Dec COMMA DecList
   47        | Dec error DecList

   48 Dec: VarDec
   49    | VarDec ASSIGNOP Exp
   50    | VarDec ASSIGNOP error SEMI

   51 Exp: Exp ASSIGNOP Exp
   52    | Exp AND Exp
   53    | Exp OR Exp
   54    | Exp RELOP Exp
   55    | Exp PLUS Exp
   56    | Exp MINUS Exp
   57    | Exp STAR Exp
   58    | Exp DIV Exp
   59    | LP Exp RP
   60    | MINUS Exp
   61    | NOT Exp
   62    | ID LP Args RP
   63    | ID LP RP
   64    | Exp LB Exp RB
   65    | Exp DOT ID
   66    | ID
   67    | INT
   68    | FLOAT
   69    | Exp ASSIGNOP error
   70    | Exp AND error
   71    | Exp OR error
   72    | Exp RELOP error
   73    | Exp PLUS error
   74    | Exp MINUS error
   75    | Exp STAR error
   76    | Exp DIV error
   77    | MINUS error
   78    | NOT error
   79    | STAR DIV error
   80    | ID LP error SEMI
   81    | Exp LB error RB
   82    | Exp LB error SEMI

   83 Args: Exp COMMA Args
   84     | Exp
   85     | error COMMA


Terminals, with rules where they appear

$end (0) 0
error (256) 9 19 22 26 27 37 38 39 40 41 47 50 69 70 71 72 73 74 75
    76 77 78 79 80 81 82 85
INT (258) 18 67
FLOAT (259) 68
ID (260) 14 16 17 20 21 62 63 65 66 80
SEMI (261) 4 5 31 33 38 44 50 80 82
COMMA (262) 8 23 26 46 83 85
ASSIGNOP (263) 49 50 51 69
RELOP (264) 54 72
PLUS (265) 55 73
MINUS (266) 56 60 74 77
STAR (267) 57 75 79
DIV (268) 58 76 79
AND (269) 52 70
OR (270) 53 71
NOT (271) 61 78
DOT (272) 65
TYPE (273) 10
LP (274) 20 21 22 34 35 36 59 62 63 80
RP (275) 20 21 22 27 34 35 36 40 59 62 63
LB (276) 18 19 64 81 82
RB (277) 18 64 81
LC (278) 12 28
RC (279) 12 28 41
STRUCT (280) 12 13
RETURN (281) 33 39
IF (282) 34 35
ELSE (283) 35
WHILE (284) 36 40 41
LOWER_THAN_ELSE (285)


Nonterminals, with rules where they appear

$accept (31)
    左： 0
Program (32)
    左： 1, 右： 0
ExtDefList (33)
    左： 2 3, 右： 1 2
ExtDef (34)
    左： 4 5 6, 右： 2
ExtDecList (35)
    左： 7 8 9, 右： 4 8 9
Specifier (36)
    左： 10 11, 右： 4 5 6 25 44
StructSpecifier (37)
    左： 12 13, 右： 11
OptTag (38)
    左： 14 15, 右： 12
Tag (39)
    左： 16, 右： 13
VarDec (40)
    左： 17 18 19, 右： 7 8 9 18 19 25 48 49 50
FunDec (41)
    左： 20 21 22, 右： 6
VarList (42)
    左： 23 24, 右： 20 22 23
ParamDec (43)
    左： 25 26 27, 右： 23 24
CompSt (44)
    左： 28, 右： 6 32
StmtList (45)
    左： 29 30, 右： 28 29
Stmt (46)
    左： 31 32 33 34 35 36 37 38 39 40 41, 右： 29 34 35 36
DefList (47)
    左： 42 43, 右： 12 28 42
Def (48)
    左： 44, 右： 42
DecList (49)
    左： 45 46 47, 右： 44 46 47
Dec (50)
    左： 48 49 50, 右： 45 46 47
Exp (51)
    左： 51 52 53 54 55 56 57 58 59 60 61 62 63 64 65 66 67 68 69
    70 71 72 73 74 75 76 77 78 79 80 81 82, 右： 31 33 34 35 36 37
    39 49 51 52 53 54 55 56 57 58 59 60 61 64 65 69 70 71 72 73 74
    75 76 81 82 83 84
Args (52)
    左： 83 84 85, 右： 62 83


State 0

    0 $accept: . Program $end

    TYPE    shift, and go to state 1
    STRUCT  shift, and go to state 2

    $default  reduce using rule 3 (ExtDefList)

    Program          转到状态 3
    ExtDefList       转到状态 4
    ExtDef           转到状态 5
    Specifier        转到状态 6
    StructSpecifier  转到状态 7


State 1

   10 Specifier: TYPE .

    $default  reduce using rule 10 (Specifier)


State 2

   12 StructSpecifier: STRUCT . OptTag LC DefList RC
   13                | STRUCT . Tag

    ID  shift, and go to state 8

    $default  reduce using rule 15 (OptTag)

    OptTag  转到状态 9
    Tag     转到状态 10


State 3

    0 $accept: Program . $end

    $end  shift, and go to state 11


State 4

    1 Program: ExtDefList .

    $default  reduce using rule 1 (Program)


State 5

    2 ExtDefList: ExtDef . ExtDefList

    TYPE    shift, and go to state 1
    STRUCT  shift, and go to state 2

    $default  reduce using rule 3 (ExtDefList)

    ExtDefList       转到状态 12
    ExtDef           转到状态 5
    Specifier        转到状态 6
    StructSpecifier  转到状态 7


State 6

    4 ExtDef: Specifier . ExtDecList SEMI
    5       | Specifier . SEMI
    6       | Specifier . FunDec CompSt

    error  shift, and go to state 13
    ID     shift, and go to state 14
    SEMI   shift, and go to state 15

    ExtDecList  转到状态 16
    VarDec      转到状态 17
    FunDec      转到状态 18


State 7

   11 Specifier: StructSpecifier .

    $default  reduce using rule 11 (Specifier)


State 8

   14 OptTag: ID .
   16 Tag: ID .

    LC        reduce using rule 14 (OptTag)
    $default  reduce using rule 16 (Tag)


State 9

   12 StructSpecifier: STRUCT OptTag . LC DefList RC

    LC  shift, and go to state 19


State 10

   13 StructSpecifier: STRUCT Tag .

    $default  reduce using rule 13 (StructSpecifier)


State 11

    0 $accept: Program $end .

    $default  接受


State 12

    2 ExtDefList: ExtDef ExtDefList .

    $default  reduce using rule 2 (ExtDefList)


State 13

   22 FunDec: error . LP VarList RP

    LP  shift, and go to state 20


State 14

   17 VarDec: ID .
   20 FunDec: ID . LP VarList RP
   21       | ID . LP RP

    LP  shift, and go to state 21

    $default  reduce using rule 17 (VarDec)


State 15

    5 ExtDef: Specifier SEMI .

    $default  reduce using rule 5 (ExtDef)


State 16

    4 ExtDef: Specifier ExtDecList . SEMI

    SEMI  shift, and go to state 22


State 17

    7 ExtDecList: VarDec .
    8           | VarDec . COMMA ExtDecList
    9           | VarDec . error ExtDecList
   18 VarDec: VarDec . LB INT RB
   19       | VarDec . LB error

    error  shift, and go to state 23
    COMMA  shift, and go to state 24
    LB     shift, and go to state 25

    SEMI  reduce using rule 7 (ExtDecList)


State 18

    6 ExtDef: Specifier FunDec . CompSt

    LC  shift, and go to state 26

    CompSt  转到状态 27


State 19

   12 StructSpecifier: STRUCT OptTag LC . DefList RC

    TYPE    shift, and go to state 1
    STRUCT  shift, and go to state 2

    $default  reduce using rule 43 (DefList)

    Specifier        转到状态 28
    StructSpecifier  转到状态 7
    DefList          转到状态 29
    Def              转到状态 30


State 20

   22 FunDec: error LP . VarList RP

    error   shift, and go to state 31
    TYPE    shift, and go to state 1
    STRUCT  shift, and go to state 2

    Specifier        转到状态 32
    StructSpecifier  转到状态 7
    VarList          转到状态 33
    ParamDec         转到状态 34


State 21

   20 FunDec: ID LP . VarList RP
   21       | ID LP . RP

    error   shift, and go to state 31
    TYPE    shift, and go to state 1
    RP      shift, and go to state 35
    STRUCT  shift, and go to state 2

    Specifier        转到状态 32
    StructSpecifier  转到状态 7
    VarList          转到状态 36
    ParamDec         转到状态 34


State 22

    4 ExtDef: Specifier ExtDecList SEMI .

    $default  reduce using rule 4 (ExtDef)


State 23

    9 ExtDecList: VarDec error . ExtDecList

    ID  shift, and go to state 37

    ExtDecList  转到状态 38
    VarDec      转到状态 17


State 24

    8 ExtDecList: VarDec COMMA . ExtDecList

    ID  shift, and go to state 37

    ExtDecList  转到状态 39
    VarDec      转到状态 17


State 25

   18 VarDec: VarDec LB . INT RB
   19       | VarDec LB . error

    error  shift, and go to state 40
    INT    shift, and go to state 41


State 26

   28 CompSt: LC . DefList StmtList RC

    TYPE    shift, and go to state 1
    STRUCT  shift, and go to state 2

    $default  reduce using rule 43 (DefList)

    Specifier        转到状态 28
    StructSpecifier  转到状态 7
    DefList          转到状态 42
    Def              转到状态 30


State 27

    6 ExtDef: Specifier FunDec CompSt .

    $default  reduce using rule 6 (ExtDef)


State 28

   44 Def: Specifier . DecList SEMI

    ID  shift, and go to state 37

    VarDec   转到状态 43
    DecList  转到状态 44
    Dec      转到状态 45


State 29

   12 StructSpecifier: STRUCT OptTag LC DefList . RC

    RC  shift, and go to state 46


State 30

   42 DefList: Def . DefList

    TYPE    shift, and go to state 1
    STRUCT  shift, and go to state 2

    $default  reduce using rule 43 (DefList)

    Specifier        转到状态 28
    StructSpecifier  转到状态 7
    DefList          转到状态 47
    Def              转到状态 30


State 31

   26 ParamDec: error . COMMA
   27         | error . RP

    COMMA  shift, and go to state 48
    RP     shift, and go to state 49


State 32

   25 ParamDec: Specifier . VarDec

    ID  shift, and go to state 37

    VarDec  转到状态 50


State 33

   22 FunDec: error LP VarList . RP

    RP  shift, and go to state 51


State 34

   23 VarList: ParamDec . COMMA VarList
   24        | ParamDec .

    COMMA  shift, and go to state 52

    $default  reduce using rule 24 (VarList)


State 35

   21 FunDec: ID LP RP .

    $default  reduce using rule 21 (FunDec)


State 36

   20 FunDec: ID LP VarList . RP

    RP  shift, and go to state 53


State 37

   17 VarDec: ID .

    $default  reduce using rule 17 (VarDec)


State 38

    9 ExtDecList: VarDec error ExtDecList .

    $default  reduce using rule 9 (ExtDecList)


State 39

    8 ExtDecList: VarDec COMMA ExtDecList .

    $default  reduce using rule 8 (ExtDecList)


State 40

   19 VarDec: VarDec LB error .

    $default  reduce using rule 19 (VarDec)


State 41

   18 VarDec: VarDec LB INT . RB

    RB  shift, and go to state 54


State 42

   28 CompSt: LC DefList . StmtList RC

    error   shift, and go to state 55
    INT     shift, and go to state 56
    FLOAT   shift, and go to state 57
    ID      shift, and go to state 58
    MINUS   shift, and go to state 59
    STAR    shift, and go to state 60
    NOT     shift, and go to state 61
    LP      shift, and go to state 62
    LC      shift, and go to state 26
    RETURN  shift, and go to state 63
    IF      shift, and go to state 64
    WHILE   shift, and go to state 65

    RC  reduce using rule 30 (StmtList)

    CompSt    转到状态 66
    StmtList  转到状态 67
    Stmt      转到状态 68
    Exp       转到状态 69


State 43

   18 VarDec: VarDec . LB INT RB
   19       | VarDec . LB error
   48 Dec: VarDec .
   49    | VarDec . ASSIGNOP Exp
   50    | VarDec . ASSIGNOP error SEMI

    ASSIGNOP  shift, and go to state 70
    LB        shift, and go to state 25

    $default  reduce using rule 48 (Dec)


State 44

   44 Def: Specifier DecList . SEMI

    SEMI  shift, and go to state 71


State 45

   45 DecList: Dec .
   46        | Dec . COMMA DecList
   47        | Dec . error DecList

    error  shift, and go to state 72
    COMMA  shift, and go to state 73

    SEMI  reduce using rule 45 (DecList)


State 46

   12 StructSpecifier: STRUCT OptTag LC DefList RC .

    $default  reduce using rule 12 (StructSpecifier)


State 47

   42 DefList: Def DefList .

    $default  reduce using rule 42 (DefList)


State 48

   26 ParamDec: error COMMA .

    $default  reduce using rule 26 (ParamDec)


State 49

   27 ParamDec: error RP .

    $default  reduce using rule 27 (ParamDec)


State 50

   18 VarDec: VarDec . LB INT RB
   19       | VarDec . LB error
   25 ParamDec: Specifier VarDec .

    LB  shift, and go to state 25

    $default  reduce using rule 25 (ParamDec)


State 51

   22 FunDec: error LP VarList RP .

    $default  reduce using rule 22 (FunDec)


State 52

   23 VarList: ParamDec COMMA . VarList

    error   shift, and go to state 31
    TYPE    shift, and go to state 1
    STRUCT  shift, and go to state 2

    Specifier        转到状态 32
    StructSpecifier  转到状态 7
    VarList          转到状态 74
    ParamDec         转到状态 34


State 53

   20 FunDec: ID LP VarList RP .

    $default  reduce using rule 20 (FunDec)


State 54

   18 VarDec: VarDec LB INT RB .

    $default  reduce using rule 18 (VarDec)


State 55

   38 Stmt: error . SEMI

    SEMI  shift, and go to state 75


State 56

   67 Exp: INT .

    $default  reduce using rule 67 (Exp)


State 57

   68 Exp: FLOAT .

    $default  reduce using rule 68 (Exp)


State 58

   62 Exp: ID . LP Args RP
   63    | ID . LP RP
   66    | ID .
   80    | ID . LP error SEMI

    LP  shift, and go to state 76

    $default  reduce using rule 66 (Exp)


State 59

   60 Exp: MINUS . Exp
   77    | MINUS . error

    error  shift, and go to state 77
    INT    shift, and go to state 56
    FLOAT  shift, and go to state 57
    ID     shift, and go to state 58
    MINUS  shift, and go to state 59
    STAR   shift, and go to state 60
    NOT    shift, and go to state 61
    LP     shift, and go to state 62

    Exp  转到状态 78


State 60

   79 Exp: STAR . DIV error

    DIV  shift, and go to state 79


State 61

   61 Exp: NOT . Exp
   78    | NOT . error

    error  shift, and go to state 80
    INT    shift, and go to state 56
    FLOAT  shift, and go to state 57
    ID     shift, and go to state 58
    MINUS  shift, and go to state 59
    STAR   shift, and go to state 60
    NOT    shift, and go to state 61
    LP     shift, and go to state 62

    Exp  转到状态 81


State 62

   59 Exp: LP . Exp RP

    INT    shift, and go to state 56
    FLOAT  shift, and go to state 57
    ID     shift, and go to state 58
    MINUS  shift, and go to state 59
    STAR   shift, and go to state 60
    NOT    shift, and go to state 61
    LP     shift, and go to state 62

    Exp  转到状态 82


State 63

   33 Stmt: RETURN . Exp SEMI
   39     | RETURN . Exp error

    INT    shift, and go to state 56
    FLOAT  shift, and go to state 57
    ID     shift, and go to state 58
    MINUS  shift, and go to state 59
    STAR   shift, and go to state 60
    NOT    shift, and go to state 61
    LP     shift, and go to state 62

    Exp  转到状态 83


State 64

   34 Stmt: IF . LP Exp RP Stmt
   35     | IF . LP Exp RP Stmt ELSE Stmt

    LP  shift, and go to state 84


State 65

   36 Stmt: WHILE . LP Exp RP Stmt
   40     | WHILE . error RP
   41     | WHILE . error RC

    error  shift, and go to state 85
    LP     shift, and go to state 86


State 66

   32 Stmt: CompSt .

    $default  reduce using rule 32 (Stmt)


State 67

   28 CompSt: LC DefList StmtList . RC

    RC  shift, and go to state 87


State 68

   29 StmtList: Stmt . StmtList

    error   shift, and go to state 55
    INT     shift, and go to state 56
    FLOAT   shift, and go to state 57
    ID      shift, and go to state 58
    MINUS   shift, and go to state 59
    STAR    shift, and go to state 60
    NOT     shift, and go to state 61
    LP      shift, and go to state 62
    LC      shift, and go to state 26
    RETURN  shift, and go to state 63
    IF      shift, and go to state 64
    WHILE   shift, and go to state 65

    RC  reduce using rule 30 (StmtList)

    CompSt    转到状态 66
    StmtList  转到状态 88
    Stmt      转到状态 68
    Exp       转到状态 69


State 69

   31 Stmt: Exp . SEMI
   37     | Exp . error
   51 Exp: Exp . ASSIGNOP Exp
   52    | Exp . AND Exp
   53    | Exp . OR Exp
   54    | Exp . RELOP Exp
   55    | Exp . PLUS Exp
   56    | Exp . MINUS Exp
   57    | Exp . STAR Exp
   58    | Exp . DIV Exp
   64    | Exp . LB Exp RB
   65    | Exp . DOT ID
   69    | Exp . ASSIGNOP error
   70    | Exp . AND error
   71    | Exp . OR error
   72    | Exp . RELOP error
   73    | Exp . PLUS error
   74    | Exp . MINUS error
   75    | Exp . STAR error
   76    | Exp . DIV error
   81    | Exp . LB error RB
   82    | Exp . LB error SEMI

    error     shift, and go to state 89
    SEMI      shift, and go to state 90
    ASSIGNOP  shift, and go to state 91
    RELOP     shift, and go to state 92
    PLUS      shift, and go to state 93
    MINUS     shift, and go to state 94
    STAR      shift, and go to state 95
    DIV       shift, and go to state 96
    AND       shift, and go to state 97
    OR        shift, and go to state 98
    DOT       shift, and go to state 99
    LB        shift, and go to state 100


State 70

   49 Dec: VarDec ASSIGNOP . Exp
   50    | VarDec ASSIGNOP . error SEMI

    error  shift, and go to state 101
    INT    shift, and go to state 56
    FLOAT  shift, and go to state 57
    ID     shift, and go to state 58
    MINUS  shift, and go to state 59
    STAR   shift, and go to state 60
    NOT    shift, and go to state 61
    LP     shift, and go to state 62

    Exp  转到状态 102


State 71

   44 Def: Specifier DecList SEMI .

    $default  reduce using rule 44 (Def)


State 72

   47 DecList: Dec error . DecList

    ID  shift, and go to state 37

    VarDec   转到状态 43
    DecList  转到状态 103
    Dec      转到状态 45


State 73

   46 DecList: Dec COMMA . DecList

    ID  shift, and go to state 37

    VarDec   转到状态 43
    DecList  转到状态 104
    Dec      转到状态 45


State 74

   23 VarList: ParamDec COMMA VarList .

    $default  reduce using rule 23 (VarList)


State 75

   38 Stmt: error SEMI .

    $default  reduce using rule 38 (Stmt)


State 76

   62 Exp: ID LP . Args RP
   63    | ID LP . RP
   80    | ID LP . error SEMI

    error  shift, and go to state 105
    INT    shift, and go to state 56
    FLOAT  shift, and go to state 57
    ID     shift, and go to state 58
    MINUS  shift, and go to state 59
    STAR   shift, and go to state 60
    NOT    shift, and go to state 61
    LP     shift, and go to state 62
    RP     shift, and go to state 106

    Exp   转到状态 107
    Args  转到状态 108


State 77

   77 Exp: MINUS error .

    $default  reduce using rule 77 (Exp)


State 78

   51 Exp: Exp . ASSIGNOP Exp
   52    | Exp . AND Exp
   53    | Exp . OR Exp
   54    | Exp . RELOP Exp
   55    | Exp . PLUS Exp
   56    | Exp . MINUS Exp
   57    | Exp . STAR Exp
   58    | Exp . DIV Exp
   60    | MINUS Exp .
   64    | Exp . LB Exp RB
   65    | Exp . DOT ID
   69    | Exp . ASSIGNOP error
   70    | Exp . AND error
   71    | Exp . OR error
   72    | Exp . RELOP error
   73    | Exp . PLUS error
   74    | Exp . MINUS error
   75    | Exp . STAR error
   76    | Exp . DIV error
   81    | Exp . LB error RB
   82    | Exp . LB error SEMI

    STAR  shift, and go to state 95
    DIV   shift, and go to state 96
    DOT   shift, and go to state 99
    LB    shift, and go to state 100

    $default  reduce using rule 60 (Exp)


State 79

   79 Exp: STAR DIV . error

    error  shift, and go to state 109


State 80

   78 Exp: NOT error .

    $default  reduce using rule 78 (Exp)


State 81

   51 Exp: Exp . ASSIGNOP Exp
   52    | Exp . AND Exp
   53    | Exp . OR Exp
   54    | Exp . RELOP Exp
   55    | Exp . PLUS Exp
   56    | Exp . MINUS Exp
   57    | Exp . STAR Exp
   58    | Exp . DIV Exp
   61    | NOT Exp .
   64    | Exp . LB Exp RB
   65    | Exp . DOT ID
   69    | Exp . ASSIGNOP error
   70    | Exp . AND error
   71    | Exp . OR error
   72    | Exp . RELOP error
   73    | Exp . PLUS error
   74    | Exp . MINUS error
   75    | Exp . STAR error
   76    | Exp . DIV error
   81    | Exp . LB error RB
   82    | Exp . LB error SEMI

    DOT  shift, and go to state 99
    LB   shift, and go to state 100

    $default  reduce using rule 61 (Exp)


State 82

   51 Exp: Exp . ASSIGNOP Exp
   52    | Exp . AND Exp
   53    | Exp . OR Exp
   54    | Exp . RELOP Exp
   55    | Exp . PLUS Exp
   56    | Exp . MINUS Exp
   57    | Exp . STAR Exp
   58    | Exp . DIV Exp
   59    | LP Exp . RP
   64    | Exp . LB Exp RB
   65    | Exp . DOT ID
   69    | Exp . ASSIGNOP error
   70    | Exp . AND error
   71    | Exp . OR error
   72    | Exp . RELOP error
   73    | Exp . PLUS error
   74    | Exp . MINUS error
   75    | Exp . STAR error
   76    | Exp . DIV error
   81    | Exp . LB error RB
   82    | Exp . LB error SEMI

    ASSIGNOP  shift, and go to state 91
    RELOP     shift, and go to state 92
    PLUS      shift, and go to state 93
    MINUS     shift, and go to state 94
    STAR      shift, and go to state 95
    DIV       shift, and go to state 96
    AND       shift, and go to state 97
    OR        shift, and go to state 98
    DOT       shift, and go to state 99
    RP        shift, and go to state 110
    LB        shift, and go to state 100


State 83

   33 Stmt: RETURN Exp . SEMI
   39     | RETURN Exp . error
   51 Exp: Exp . ASSIGNOP Exp
   52    | Exp . AND Exp
   53    | Exp . OR Exp
   54    | Exp . RELOP Exp
   55    | Exp . PLUS Exp
   56    | Exp . MINUS Exp
   57    | Exp . STAR Exp
   58    | Exp . DIV Exp
   64    | Exp . LB Exp RB
   65    | Exp . DOT ID
   69    | Exp . ASSIGNOP error
   70    | Exp . AND error
   71    | Exp . OR error
   72    | Exp . RELOP error
   73    | Exp . PLUS error
   74    | Exp . MINUS error
   75    | Exp . STAR error
   76    | Exp . DIV error
   81    | Exp . LB error RB
   82    | Exp . LB error SEMI

    error     shift, and go to state 111
    SEMI      shift, and go to state 112
    ASSIGNOP  shift, and go to state 91
    RELOP     shift, and go to state 92
    PLUS      shift, and go to state 93
    MINUS     shift, and go to state 94
    STAR      shift, and go to state 95
    DIV       shift, and go to state 96
    AND       shift, and go to state 97
    OR        shift, and go to state 98
    DOT       shift, and go to state 99
    LB        shift, and go to state 100


State 84

   34 Stmt: IF LP . Exp RP Stmt
   35     | IF LP . Exp RP Stmt ELSE Stmt

    INT    shift, and go to state 56
    FLOAT  shift, and go to state 57
    ID     shift, and go to state 58
    MINUS  shift, and go to state 59
    STAR   shift, and go to state 60
    NOT    shift, and go to state 61
    LP     shift, and go to state 62

    Exp  转到状态 113


State 85

   40 Stmt: WHILE error . RP
   41     | WHILE error . RC

    RP  shift, and go to state 114
    RC  shift, and go to state 115


State 86

   36 Stmt: WHILE LP . Exp RP Stmt

    INT    shift, and go to state 56
    FLOAT  shift, and go to state 57
    ID     shift, and go to state 58
    MINUS  shift, and go to state 59
    STAR   shift, and go to state 60
    NOT    shift, and go to state 61
    LP     shift, and go to state 62

    Exp  转到状态 116


State 87

   28 CompSt: LC DefList StmtList RC .

    $default  reduce using rule 28 (CompSt)


State 88

   29 StmtList: Stmt StmtList .

    $default  reduce using rule 29 (StmtList)


State 89

   37 Stmt: Exp error .

    $default  reduce using rule 37 (Stmt)


State 90

   31 Stmt: Exp SEMI .

    $default  reduce using rule 31 (Stmt)


State 91

   51 Exp: Exp ASSIGNOP . Exp
   69    | Exp ASSIGNOP . error

    error  shift, and go to state 117
    INT    shift, and go to state 56
    FLOAT  shift, and go to state 57
    ID     shift, and go to state 58
    MINUS  shift, and go to state 59
    STAR   shift, and go to state 60
    NOT    shift, and go to state 61
    LP     shift, and go to state 62

    Exp  转到状态 118


State 92

   54 Exp: Exp RELOP . Exp
   72    | Exp RELOP . error

    error  shift, and go to state 119
    INT    shift, and go to state 56
    FLOAT  shift, and go to state 57
    ID     shift, and go to state 58
    MINUS  shift, and go to state 59
    STAR   shift, and go to state 60
    NOT    shift, and go to state 61
    LP     shift, and go to state 62

    Exp  转到状态 120


State 93

   55 Exp: Exp PLUS . Exp
   73    | Exp PLUS . error

    error  shift, and go to state 121
    INT    shift, and go to state 56
    FLOAT  shift, and go to state 57
    ID     shift, and go to state 58
    MINUS  shift, and go to state 59
    STAR   shift, and go to state 60
    NOT    shift, and go to state 61
    LP     shift, and go to state 62

    Exp  转到状态 122


State 94

   56 Exp: Exp MINUS . Exp
   74    | Exp MINUS . error

    error  shift, and go to state 123
    INT    shift, and go to state 56
    FLOAT  shift, and go to state 57
    ID     shift, and go to state 58
    MINUS  shift, and go to state 59
    STAR   shift, and go to state 60
    NOT    shift, and go to state 61
    LP     shift, and go to state 62

    Exp  转到状态 124


State 95

   57 Exp: Exp STAR . Exp
   75    | Exp STAR . error

    error  shift, and go to state 125
    INT    shift, and go to state 56
    FLOAT  shift, and go to state 57
    ID     shift, and go to state 58
    MINUS  shift, and go to state 59
    STAR   shift, and go to state 60
    NOT    shift, and go to state 61
    LP     shift, and go to state 62

    Exp  转到状态 126


State 96

   58 Exp: Exp DIV . Exp
   76    | Exp DIV . error

    error  shift, and go to state 127
    INT    shift, and go to state 56
    FLOAT  shift, and go to state 57
    ID     shift, and go to state 58
    MINUS  shift, and go to state 59
    STAR   shift, and go to state 60
    NOT    shift, and go to state 61
    LP     shift, and go to state 62

    Exp  转到状态 128


State 97

   52 Exp: Exp AND . Exp
   70    | Exp AND . error

    error  shift, and go to state 129
    INT    shift, and go to state 56
    FLOAT  shift, and go to state 57
    ID     shift, and go to state 58
    MINUS  shift, and go to state 59
    STAR   shift, and go to state 60
    NOT    shift, and go to state 61
    LP     shift, and go to state 62

    Exp  转到状态 130


State 98

   53 Exp: Exp OR . Exp
   71    | Exp OR . error

    error  shift, and go to state 131
    INT    shift, and go to state 56
    FLOAT  shift, and go to state 57
    ID     shift, and go to state 58
    MINUS  shift, and go to state 59
    STAR   shift, and go to state 60
    NOT    shift, and go to state 61
    LP     shift, and go to state 62

    Exp  转到状态 132


State 99

   65 Exp: Exp DOT . ID

    ID  shift, and go to state 133


State 100

   64 Exp: Exp LB . Exp RB
   81    | Exp LB . error RB
   82    | Exp LB . error SEMI

    error  shift, and go to state 134
    INT    shift, and go to state 56
    FLOAT  shift, and go to state 57
    ID     shift, and go to state 58
    MINUS  shift, and go to state 59
    STAR   shift, and go to state 60
    NOT    shift, and go to state 61
    LP     shift, and go to state 62

    Exp  转到状态 135


State 101

   50 Dec: VarDec ASSIGNOP error . SEMI

    SEMI  shift, and go to state 136


State 102

   49 Dec: VarDec ASSIGNOP Exp .
   51 Exp: Exp . ASSIGNOP Exp
   52    | Exp . AND Exp
   53    | Exp . OR Exp
   54    | Exp . RELOP Exp
   55    | Exp . PLUS Exp
   56    | Exp . MINUS Exp
   57    | Exp . STAR Exp
   58    | Exp . DIV Exp
   64    | Exp . LB Exp RB
   65    | Exp . DOT ID
   69    | Exp . ASSIGNOP error
   70    | Exp . AND error
   71    | Exp . OR error
   72    | Exp . RELOP error
   73    | Exp . PLUS error
   74    | Exp . MINUS error
   75    | Exp . STAR error
   76    | Exp . DIV error
   81    | Exp . LB error RB
   82    | Exp . LB error SEMI

    ASSIGNOP  shift, and go to state 91
    RELOP     shift, and go to state 92
    PLUS      shift, and go to state 93
    MINUS     shift, and go to state 94
    STAR      shift, and go to state 95
    DIV       shift, and go to state 96
    AND       shift, and go to state 97
    OR        shift, and go to state 98
    DOT       shift, and go to state 99
    LB        shift, and go to state 100

    $default  reduce using rule 49 (Dec)


State 103

   47 DecList: Dec error DecList .

    $default  reduce using rule 47 (DecList)


State 104

   46 DecList: Dec COMMA DecList .

    $default  reduce using rule 46 (DecList)


State 105

   80 Exp: ID LP error . SEMI
   85 Args: error . COMMA

    SEMI   shift, and go to state 137
    COMMA  shift, and go to state 138


State 106

   63 Exp: ID LP RP .

    $default  reduce using rule 63 (Exp)


State 107

   51 Exp: Exp . ASSIGNOP Exp
   52    | Exp . AND Exp
   53    | Exp . OR Exp
   54    | Exp . RELOP Exp
   55    | Exp . PLUS Exp
   56    | Exp . MINUS Exp
   57    | Exp . STAR Exp
   58    | Exp . DIV Exp
   64    | Exp . LB Exp RB
   65    | Exp . DOT ID
   69    | Exp . ASSIGNOP error
   70    | Exp . AND error
   71    | Exp . OR error
   72    | Exp . RELOP error
   73    | Exp . PLUS error
   74    | Exp . MINUS error
   75    | Exp . STAR error
   76    | Exp . DIV error
   81    | Exp . LB error RB
   82    | Exp . LB error SEMI
   83 Args: Exp . COMMA Args
   84     | Exp .

    COMMA     shift, and go to state 139
    ASSIGNOP  shift, and go to state 91
    RELOP     shift, and go to state 92
    PLUS      shift, and go to state 93
    MINUS     shift, and go to state 94
    STAR      shift, and go to state 95
    DIV       shift, and go to state 96
    AND       shift, and go to state 97
    OR        shift, and go to state 98
    DOT       shift, and go to state 99
    LB        shift, and go to state 100

    $default  reduce using rule 84 (Args)


State 108

   62 Exp: ID LP Args . RP

    RP  shift, and go to state 140


State 109

   79 Exp: STAR DIV error .

    $default  reduce using rule 79 (Exp)


State 110

   59 Exp: LP Exp RP .

    $default  reduce using rule 59 (Exp)


State 111

   39 Stmt: RETURN Exp error .

    $default  reduce using rule 39 (Stmt)


State 112

   33 Stmt: RETURN Exp SEMI .

    $default  reduce using rule 33 (Stmt)


State 113

   34 Stmt: IF LP Exp . RP Stmt
   35     | IF LP Exp . RP Stmt ELSE Stmt
   51 Exp: Exp . ASSIGNOP Exp
   52    | Exp . AND Exp
   53    | Exp . OR Exp
   54    | Exp . RELOP Exp
   55    | Exp . PLUS Exp
   56    | Exp . MINUS Exp
   57    | Exp . STAR Exp
   58    | Exp . DIV Exp
   64    | Exp . LB Exp RB
   65    | Exp . DOT ID
   69    | Exp . ASSIGNOP error
   70    | Exp . AND error
   71    | Exp . OR error
   72    | Exp . RELOP error
   73    | Exp . PLUS error
   74    | Exp . MINUS error
   75    | Exp . STAR error
   76    | Exp . DIV error
   81    | Exp . LB error RB
   82    | Exp . LB error SEMI

    ASSIGNOP  shift, and go to state 91
    RELOP     shift, and go to state 92
    PLUS      shift, and go to state 93
    MINUS     shift, and go to state 94
    STAR      shift, and go to state 95
    DIV       shift, and go to state 96
    AND       shift, and go to state 97
    OR        shift, and go to state 98
    DOT       shift, and go to state 99
    RP        shift, and go to state 141
    LB        shift, and go to state 100


State 114

   40 Stmt: WHILE error RP .

    $default  reduce using rule 40 (Stmt)


State 115

   41 Stmt: WHILE error RC .

    $default  reduce using rule 41 (Stmt)


State 116

   36 Stmt: WHILE LP Exp . RP Stmt
   51 Exp: Exp . ASSIGNOP Exp
   52    | Exp . AND Exp
   53    | Exp . OR Exp
   54    | Exp . RELOP Exp
   55    | Exp . PLUS Exp
   56    | Exp . MINUS Exp
   57    | Exp . STAR Exp
   58    | Exp . DIV Exp
   64    | Exp . LB Exp RB
   65    | Exp . DOT ID
   69    | Exp . ASSIGNOP error
   70    | Exp . AND error
   71    | Exp . OR error
   72    | Exp . RELOP error
   73    | Exp . PLUS error
   74    | Exp . MINUS error
   75    | Exp . STAR error
   76    | Exp . DIV error
   81    | Exp . LB error RB
   82    | Exp . LB error SEMI

    ASSIGNOP  shift, and go to state 91
    RELOP     shift, and go to state 92
    PLUS      shift, and go to state 93
    MINUS     shift, and go to state 94
    STAR      shift, and go to state 95
    DIV       shift, and go to state 96
    AND       shift, and go to state 97
    OR        shift, and go to state 98
    DOT       shift, and go to state 99
    RP        shift, and go to state 142
    LB        shift, and go to state 100


State 117

   69 Exp: Exp ASSIGNOP error .

    $default  reduce using rule 69 (Exp)


State 118

   51 Exp: Exp . ASSIGNOP Exp
   51    | Exp ASSIGNOP Exp .
   52    | Exp . AND Exp
   53    | Exp . OR Exp
   54    | Exp . RELOP Exp
   55    | Exp . PLUS Exp
   56    | Exp . MINUS Exp
   57    | Exp . STAR Exp
   58    | Exp . DIV Exp
   64    | Exp . LB Exp RB
   65    | Exp . DOT ID
   69    | Exp . ASSIGNOP error
   70    | Exp . AND error
   71    | Exp . OR error
   72    | Exp . RELOP error
   73    | Exp . PLUS error
   74    | Exp . MINUS error
   75    | Exp . STAR error
   76    | Exp . DIV error
   81    | Exp . LB error RB
   82    | Exp . LB error SEMI

    ASSIGNOP  shift, and go to state 91
    RELOP     shift, and go to state 92
    PLUS      shift, and go to state 93
    MINUS     shift, and go to state 94
    STAR      shift, and go to state 95
    DIV       shift, and go to state 96
    AND       shift, and go to state 97
    OR        shift, and go to state 98
    DOT       shift, and go to state 99
    LB        shift, and go to state 100

    $default  reduce using rule 51 (Exp)


State 119

   72 Exp: Exp RELOP error .

    $default  reduce using rule 72 (Exp)


State 120

   51 Exp: Exp . ASSIGNOP Exp
   52    | Exp . AND Exp
   53    | Exp . OR Exp
   54    | Exp . RELOP Exp
   54    | Exp RELOP Exp .
   55    | Exp . PLUS Exp
   56    | Exp . MINUS Exp
   57    | Exp . STAR Exp
   58    | Exp . DIV Exp
   64    | Exp . LB Exp RB
   65    | Exp . DOT ID
   69    | Exp . ASSIGNOP error
   70    | Exp . AND error
   71    | Exp . OR error
   72    | Exp . RELOP error
   73    | Exp . PLUS error
   74    | Exp . MINUS error
   75    | Exp . STAR error
   76    | Exp . DIV error
   81    | Exp . LB error RB
   82    | Exp . LB error SEMI

    PLUS   shift, and go to state 93
    MINUS  shift, and go to state 94
    STAR   shift, and go to state 95
    DIV    shift, and go to state 96
    DOT    shift, and go to state 99
    LB     shift, and go to state 100

    $default  reduce using rule 54 (Exp)


State 121

   73 Exp: Exp PLUS error .

    $default  reduce using rule 73 (Exp)


State 122

   51 Exp: Exp . ASSIGNOP Exp
   52    | Exp . AND Exp
   53    | Exp . OR Exp
   54    | Exp . RELOP Exp
   55    | Exp . PLUS Exp
   55    | Exp PLUS Exp .
   56    | Exp . MINUS Exp
   57    | Exp . STAR Exp
   58    | Exp . DIV Exp
   64    | Exp . LB Exp RB
   65    | Exp . DOT ID
   69    | Exp . ASSIGNOP error
   70    | Exp . AND error
   71    | Exp . OR error
   72    | Exp . RELOP error
   73    | Exp . PLUS error
   74    | Exp . MINUS error
   75    | Exp . STAR error
   76    | Exp . DIV error
   81    | Exp . LB error RB
   82    | Exp . LB error SEMI

    STAR  shift, and go to state 95
    DIV   shift, and go to state 96
    DOT   shift, and go to state 99
    LB    shift, and go to state 100

    $default  reduce using rule 55 (Exp)


State 123

   74 Exp: Exp MINUS error .

    $default  reduce using rule 74 (Exp)


State 124

   51 Exp: Exp . ASSIGNOP Exp
   52    | Exp . AND Exp
   53    | Exp . OR Exp
   54    | Exp . RELOP Exp
   55    | Exp . PLUS Exp
   56    | Exp . MINUS Exp
   56    | Exp MINUS Exp .
   57    | Exp . STAR Exp
   58    | Exp . DIV Exp
   64    | Exp . LB Exp RB
   65    | Exp . DOT ID
   69    | Exp . ASSIGNOP error
   70    | Exp . AND error
   71    | Exp . OR error
   72    | Exp . RELOP error
   73    | Exp . PLUS error
   74    | Exp . MINUS error
   75    | Exp . STAR error
   76    | Exp . DIV error
   81    | Exp . LB error RB
   82    | Exp . LB error SEMI

    STAR  shift, and go to state 95
    DIV   shift, and go to state 96
    DOT   shift, and go to state 99
    LB    shift, and go to state 100

    $default  reduce using rule 56 (Exp)


State 125

   75 Exp: Exp STAR error .

    $default  reduce using rule 75 (Exp)


State 126

   51 Exp: Exp . ASSIGNOP Exp
   52    | Exp . AND Exp
   53    | Exp . OR Exp
   54    | Exp . RELOP Exp
   55    | Exp . PLUS Exp
   56    | Exp . MINUS Exp
   57    | Exp . STAR Exp
   57    | Exp STAR Exp .
   58    | Exp . DIV Exp
   64    | Exp . LB Exp RB
   65    | Exp . DOT ID
   69    | Exp . ASSIGNOP error
   70    | Exp . AND error
   71    | Exp . OR error
   72    | Exp . RELOP error
   73    | Exp . PLUS error
   74    | Exp . MINUS error
   75    | Exp . STAR error
   76    | Exp . DIV error
   81    | Exp . LB error RB
   82    | Exp . LB error SEMI

    DOT  shift, and go to state 99
    LB   shift, and go to state 100

    $default  reduce using rule 57 (Exp)


State 127

   76 Exp: Exp DIV error .

    $default  reduce using rule 76 (Exp)


State 128

   51 Exp: Exp . ASSIGNOP Exp
   52    | Exp . AND Exp
   53    | Exp . OR Exp
   54    | Exp . RELOP Exp
   55    | Exp . PLUS Exp
   56    | Exp . MINUS Exp
   57    | Exp . STAR Exp
   58    | Exp . DIV Exp
   58    | Exp DIV Exp .
   64    | Exp . LB Exp RB
   65    | Exp . DOT ID
   69    | Exp . ASSIGNOP error
   70    | Exp . AND error
   71    | Exp . OR error
   72    | Exp . RELOP error
   73    | Exp . PLUS error
   74    | Exp . MINUS error
   75    | Exp . STAR error
   76    | Exp . DIV error
   81    | Exp . LB error RB
   82    | Exp . LB error SEMI

    DOT  shift, and go to state 99
    LB   shift, and go to state 100

    $default  reduce using rule 58 (Exp)


State 129

   70 Exp: Exp AND error .

    $default  reduce using rule 70 (Exp)


State 130

   51 Exp: Exp . ASSIGNOP Exp
   52    | Exp . AND Exp
   52    | Exp AND Exp .
   53    | Exp . OR Exp
   54    | Exp . RELOP Exp
   55    | Exp . PLUS Exp
   56    | Exp . MINUS Exp
   57    | Exp . STAR Exp
   58    | Exp . DIV Exp
   64    | Exp . LB Exp RB
   65    | Exp . DOT ID
   69    | Exp . ASSIGNOP error
   70    | Exp . AND error
   71    | Exp . OR error
   72    | Exp . RELOP error
   73    | Exp . PLUS error
   74    | Exp . MINUS error
   75    | Exp . STAR error
   76    | Exp . DIV error
   81    | Exp . LB error RB
   82    | Exp . LB error SEMI

    RELOP  shift, and go to state 92
    PLUS   shift, and go to state 93
    MINUS  shift, and go to state 94
    STAR   shift, and go to state 95
    DIV    shift, and go to state 96
    DOT    shift, and go to state 99
    LB     shift, and go to state 100

    $default  reduce using rule 52 (Exp)


State 131

   71 Exp: Exp OR error .

    $default  reduce using rule 71 (Exp)


State 132

   51 Exp: Exp . ASSIGNOP Exp
   52    | Exp . AND Exp
   53    | Exp . OR Exp
   53    | Exp OR Exp .
   54    | Exp . RELOP Exp
   55    | Exp . PLUS Exp
   56    | Exp . MINUS Exp
   57    | Exp . STAR Exp
   58    | Exp . DIV Exp
   64    | Exp . LB Exp RB
   65    | Exp . DOT ID
   69    | Exp . ASSIGNOP error
   70    | Exp . AND error
   71    | Exp . OR error
   72    | Exp . RELOP error
   73    | Exp . PLUS error
   74    | Exp . MINUS error
   75    | Exp . STAR error
   76    | Exp . DIV error
   81    | Exp . LB error RB
   82    | Exp . LB error SEMI

    RELOP  shift, and go to state 92
    PLUS   shift, and go to state 93
    MINUS  shift, and go to state 94
    STAR   shift, and go to state 95
    DIV    shift, and go to state 96
    AND    shift, and go to state 97
    DOT    shift, and go to state 99
    LB     shift, and go to state 100

    $default  reduce using rule 53 (Exp)


State 133

   65 Exp: Exp DOT ID .

    $default  reduce using rule 65 (Exp)


State 134

   81 Exp: Exp LB error . RB
   82    | Exp LB error . SEMI

    SEMI  shift, and go to state 143
    RB    shift, and go to state 144


State 135

   51 Exp: Exp . ASSIGNOP Exp
   52    | Exp . AND Exp
   53    | Exp . OR Exp
   54    | Exp . RELOP Exp
   55    | Exp . PLUS Exp
   56    | Exp . MINUS Exp
   57    | Exp . STAR Exp
   58    | Exp . DIV Exp
   64    | Exp . LB Exp RB
   64    | Exp LB Exp . RB
   65    | Exp . DOT ID
   69    | Exp . ASSIGNOP error
   70    | Exp . AND error
   71    | Exp . OR error
   72    | Exp . RELOP error
   73    | Exp . PLUS error
   74    | Exp . MINUS error
   75    | Exp . STAR error
   76    | Exp . DIV error
   81    | Exp . LB error RB
   82    | Exp . LB error SEMI

    ASSIGNOP  shift, and go to state 91
    RELOP     shift, and go to state 92
    PLUS      shift, and go to state 93
    MINUS     shift, and go to state 94
    STAR      shift, and go to state 95
    DIV       shift, and go to state 96
    AND       shift, and go to state 97
    OR        shift, and go to state 98
    DOT       shift, and go to state 99
    LB        shift, and go to state 100
    RB        shift, and go to state 145


State 136

   50 Dec: VarDec ASSIGNOP error SEMI .

    $default  reduce using rule 50 (Dec)


State 137

   80 Exp: ID LP error SEMI .

    $default  reduce using rule 80 (Exp)


State 138

   85 Args: error COMMA .

    $default  reduce using rule 85 (Args)


State 139

   83 Args: Exp COMMA . Args

    error  shift, and go to state 146
    INT    shift, and go to state 56
    FLOAT  shift, and go to state 57
    ID     shift, and go to state 58
    MINUS  shift, and go to state 59
    STAR   shift, and go to state 60
    NOT    shift, and go to state 61
    LP     shift, and go to state 62

    Exp   转到状态 107
    Args  转到状态 147


State 140

   62 Exp: ID LP Args RP .

    $default  reduce using rule 62 (Exp)


State 141

   34 Stmt: IF LP Exp RP . Stmt
   35     | IF LP Exp RP . Stmt ELSE Stmt

    error   shift, and go to state 55
    INT     shift, and go to state 56
    FLOAT   shift, and go to state 57
    ID      shift, and go to state 58
    MINUS   shift, and go to state 59
    STAR    shift, and go to state 60
    NOT     shift, and go to state 61
    LP      shift, and go to state 62
    LC      shift, and go to state 26
    RETURN  shift, and go to state 63
    IF      shift, and go to state 64
    WHILE   shift, and go to state 65

    CompSt  转到状态 66
    Stmt    转到状态 148
    Exp     转到状态 69


State 142

   36 Stmt: WHILE LP Exp RP . Stmt

    error   shift, and go to state 55
    INT     shift, and go to state 56
    FLOAT   shift, and go to state 57
    ID      shift, and go to state 58
    MINUS   shift, and go to state 59
    STAR    shift, and go to state 60
    NOT     shift, and go to state 61
    LP      shift, and go to state 62
    LC      shift, and go to state 26
    RETURN  shift, and go to state 63
    IF      shift, and go to state 64
    WHILE   shift, and go to state 65

    CompSt  转到状态 66
    Stmt    转到状态 149
    Exp     转到状态 69


State 143

   82 Exp: Exp LB error SEMI .

    $default  reduce using rule 82 (Exp)


State 144

   81 Exp: Exp LB error RB .

    $default  reduce using rule 81 (Exp)


State 145

   64 Exp: Exp LB Exp RB .

    $default  reduce using rule 64 (Exp)


State 146

   85 Args: error . COMMA

    COMMA  shift, and go to state 138


State 147

   83 Args: Exp COMMA Args .

    $default  reduce using rule 83 (Args)


State 148

   34 Stmt: IF LP Exp RP Stmt .
   35     | IF LP Exp RP Stmt . ELSE Stmt

    ELSE  shift, and go to state 150

    $default  reduce using rule 34 (Stmt)


State 149

   36 Stmt: WHILE LP Exp RP Stmt .

    $default  reduce using rule 36 (Stmt)


State 150

   35 Stmt: IF LP Exp RP Stmt ELSE . Stmt

    error   shift, and go to state 55
    INT     shift, and go to state 56
    FLOAT   shift, and go to state 57
    ID      shift, and go to state 58
    MINUS   shift, and go to state 59
    STAR    shift, and go to state 60
    NOT     shift, and go to state 61
    LP      shift, and go to state 62
    LC      shift, and go to state 26
    RETURN  shift, and go to state 63
    IF      shift, and go to state 64
    WHILE   shift, and go to state 65

    CompSt  转到状态 66
    Stmt    转到状态 151
    Exp     转到状态 69


State 151

   35 Stmt: IF LP Exp RP Stmt ELSE Stmt .

    $default  reduce using rule 35 (Stmt)
